IQ-TREE version 3.1.1 for Linux x86 64-bit built Apr  2 2026
Developed by Bui Quang Minh, Thomas Wong, Nhan Ly-Trong, Huaiyan Ren
Contributed by Lam-Tung Nguyen, Dominik Schrempf, Chris Bielow,
Olga Chernomor, Michael Woodhams, Diep Thi Hoang, Heiko Schmidt

Host:    marissa (AVX2, FMA3, 15 GB RAM)
Command: iqtree3 -s ../4_mask/Mask.fst -m MFP -bb 1000 -alrt 1000
Seed:    97712 (Using SPRNG - Scalable Parallel Random Number Generator)
Time:    Mon Apr  6 17:22:26 2026
Kernel:  AVX+FMA - 1 threads (12 CPU cores detected)

HINT: Use -nt option to specify number of threads because your CPU has 12 cores!
HINT: -nt AUTO will automatically determine the best number of threads to use.

Reading alignment file ../4_mask/Mask.fst ... Fasta format detected
Reading fasta file: done in 0.00210829 secs using 66.69% CPU
Alignment most likely contains protein sequences
Constructing alignment: done in 0.00359194 secs using 80.01% CPU
Alignment has 63 sequences with 1552 columns, 1160 distinct patterns
1110 parsimony-informative, 39 singleton sites, 403 constant sites
                    Gap/Ambiguity  Composition  p-value
Analyzing sequences: done in 0.000246889 secs using 99.64% CPU
   1  Norovirus_GI.1a       0.06%    passed     99.77%
   2  Norovirus_GI.1b       0.06%    passed     99.88%
   3  Norovirus_GI.1c       0.00%    passed     99.94%
   4  Norovirus_GI.1d       0.00%    passed     99.64%
   5  Norovirus_GI.1e       0.00%    passed     98.30%
   6  Norovirus_GI.1f       0.06%    passed     99.13%
   7  Norovirus_GI.1g       0.00%    passed     99.74%
   8  Norovirus_GI.1h       0.00%    passed     99.74%
   9  Norovirus_GI.1i       0.00%    passed     99.65%
  10  Norovirus_GI.1j       0.00%    passed     99.79%
  11  Norovirus_GII.1a      0.00%    passed     57.85%
  12  Norovirus_GII.1b      0.13%    passed     93.11%
  13  Norovirus_GII.1c      0.00%    passed     66.48%
  14  Norovirus_GII.1d      0.13%    passed     99.31%
  15  Norovirus_GII.1e      0.00%    passed     76.92%
  16  Norovirus_GII.1f      0.00%    passed     63.68%
  17  Norovirus_GII.1g      0.00%    passed     55.66%
  18  Norovirus_GII.1h      0.00%    passed     61.51%
  19  Norovirus_GII.1i      0.00%    passed     58.28%
  20  Norovirus_GII.1j      0.00%    passed     93.03%
  21  Norovirus_GIII.1a     0.00%    passed     62.43%
  22  Norovirus_GIII.1b     0.00%    passed     62.43%
  23  Norovirus_GIII.1c     0.13%    passed     58.29%
  24  Norovirus_GIII.1d     0.00%    passed     57.58%
  25  Norovirus_GIII.1e     0.00%    passed     58.59%
  26  Norovirus_GIII.1f     0.00%    passed     57.35%
  27  Norovirus_GIII.1g     0.00%    passed     57.40%
  28  Norovirus_GIII.1h     0.00%    passed     64.35%
  29  Norovirus_GIII.1i     0.00%    passed     66.84%
  30  Norovirus_GIII.1j     0.00%    passed     57.35%
  31  Norovirus_GIV.1a      0.00%    passed     99.60%
  32  Norovirus_GIV.1b      0.77%    passed     95.14%
  33  Norovirus_GIV.1c      0.52%    passed     65.03%
  34  Norovirus_GIV.1d      0.71%    passed     87.38%
  35  Norovirus_GIV.1e      0.00%    passed     99.60%
  36  Norovirus_GIV.1f      0.00%    passed     99.16%
  37  Norovirus_GIV.1g      0.00%    passed     98.88%
  38  Norovirus_GIV.1h      0.00%    passed     99.60%
  39  Norovirus_GIV.1i      0.00%    passed     99.93%
  40  Norovirus_GIV.1j      0.00%    passed     99.91%
  41  Norovirus_GV.1a       0.00%    passed     76.76%
  42  Norovirus_GV.1b       0.13%    passed     92.24%
  43  Norovirus_GV.1c       0.13%    passed     94.75%
  44  Norovirus_GV.1d       0.00%    passed     80.92%
  45  Norovirus_GV.1e       0.00%    passed     89.11%
  46  Norovirus_GV.1f       0.00%    passed     77.22%
  47  Norovirus_GV.1g       0.00%    passed     78.79%
  48  Norovirus_GV.1h       0.00%    passed     76.76%
  49  Norovirus_GV.1i       0.00%    passed     82.63%
  50  Norovirus_GV.1j       0.00%    passed     82.63%
  51  Norovirus_GVI.1a      0.00%    passed     98.34%
  52  Norovirus_GVI.1b      0.00%    passed     99.88%
  53  Norovirus_GVI.1c      0.00%    passed     99.92%
  54  Norovirus_GVI.1d      0.00%    passed     99.80%
  55  Norovirus_GVI.1e      0.00%    passed     99.83%
  56  Norovirus_GVI.1f      0.00%    passed     98.34%
  57  Norovirus_GVI.1g      0.06%    passed     95.26%
  58  Norovirus_GVI.1h      0.00%    passed     99.86%
  59  Norovirus_GVI.1i      0.00%    passed     99.91%
  60  Norovirus_GVI.1j      0.00%    passed     99.91%
  61  Norovirus_GVII.1a     0.39%    passed     67.12%
  62  Norovirus_GVIII.1a    0.00%    passed     87.21%
  63  Norwalk-like_virus    0.00%    passed     48.84%
****  TOTAL                 0.05%  0 sequences failed composition chi2 test (p-value<5%; df=19)
NOTE: Norovirus_GIII.1b is identical to Norovirus_GIII.1a but kept for subsequent analysis
NOTE: Norovirus_GIII.1j is identical to Norovirus_GIII.1f but kept for subsequent analysis
NOTE: Norovirus_GIV.1e is identical to Norovirus_GIV.1a but kept for subsequent analysis
NOTE: Norovirus_GV.1h is identical to Norovirus_GV.1a but kept for subsequent analysis
NOTE: Norovirus_GV.1j is identical to Norovirus_GV.1i but kept for subsequent analysis
NOTE: Norovirus_GVI.1f is identical to Norovirus_GVI.1a but kept for subsequent analysis
NOTE: Norovirus_GVI.1j is identical to Norovirus_GVI.1i but kept for subsequent analysis
Checking for duplicate sequences: done in 0.000392081 secs using 57.9% CPU
Identifying sites to remove: done in 0.00176631 secs using 49.65% CPU
NOTE: 1 identical sequences (see below) will be ignored for subsequent analysis
NOTE: Norovirus_GIV.1h (identical to Norovirus_GIV.1a) is ignored but added at the end
Alignment was printed to ../4_mask/Mask.fst.uniqueseq.phy

For your convenience alignment with unique sequences printed to ../4_mask/Mask.fst.uniqueseq.phy


Create initial parsimony tree by phylogenetic likelihood library (PLL)... 0.017 seconds
Perform fast likelihood tree search using LG+I+G model...
Estimate model parameters (epsilon = 5.000)
Perform nearest neighbor interchange...
Estimate model parameters (epsilon = 1.000)
1. Initial log-likelihood: -33970.919
Optimal log-likelihood: -33970.839
Proportion of invariable sites: 0.129
Gamma shape alpha: 0.942
Parameters optimization took 1 rounds (0.503 sec)
Time for fast ML tree search: 3.441 seconds

NOTE: ModelFinder requires 117 MB RAM!
ModelFinder will test up to 1232 protein models (sample size: 1552 epsilon: 0.100) ...
 No. Model         -LnL         df  AIC          AICc         BIC
  1  LG            35579.477    121 71400.953    71421.599    72047.976
  2  LG+I          34762.917    122 69769.835    69790.837    70422.205
  3  LG+G4         33990.160    122 68224.320    68245.322    68876.690
  4  LG+I+G4       33970.739    123 68187.478    68208.840    68845.196
  5  LG+R2         34217.833    123 68681.666    68703.028    69339.384
  6  LG+R3         33956.318    125 68162.635    68184.725    68831.048
  7  LG+R4         33907.248    127 68068.496    68091.327    68747.603
  8  LG+R5         33904.621    129 68067.241    68090.828    68757.043
 14  LG+I+R2       34032.954    124 68313.908    68335.632    68976.973
 15  LG+I+R3       33919.769    126 68091.538    68113.997    68765.298
 16  LG+I+R4       33902.917    128 68061.834    68085.042    68746.289
 17  LG+I+R5       33902.449    130 68064.897    68088.866    68760.046
 29  LG+F+R4       33881.619    146 68055.239    68085.790    68835.945
 38  LG+F+I+R4     33877.551    147 68049.103    68080.094    68835.156
 51  WAG+R4        34224.080    127 68702.161    68724.992    69381.268
 60  WAG+I+R4      34222.046    128 68700.092    68723.299    69384.546
 73  WAG+F+R4      34229.219    146 68750.438    68780.989    69531.144
 82  WAG+F+I+R4    34227.188    147 68748.377    68779.368    69534.430
 95  JTT+R4        34191.511    127 68637.023    68659.854    69316.130
104  JTT+I+R4      34188.985    128 68633.970    68657.177    69318.424
117  JTT+F+R4      34228.266    146 68748.533    68779.084    69529.239
126  JTT+F+I+R4    34225.790    147 68745.579    68776.571    69531.632
139  Q.PFAM+R4     33976.525    127 68207.049    68229.881    68886.156
148  Q.PFAM+I+R4   33973.467    128 68202.934    68226.141    68887.388
161  Q.PFAM+F+R4   33962.232    146 68216.464    68247.015    68997.170
170  Q.PFAM+F+I+R4 33959.290    147 68212.580    68243.571    68998.633
183  Q.BIRD+R4     34790.843    127 69835.686    69858.517    70514.793
192  Q.BIRD+I+R4   34782.997    128 69821.994    69845.201    70506.448
205  Q.BIRD+F+R4   34862.780    146 70017.560    70048.111    70798.266
214  Q.BIRD+F+I+R4 34853.698    147 70001.396    70032.388    70787.450
227  Q.MAMMAL+R4   34542.740    127 69339.480    69362.312    70018.587
236  Q.MAMMAL+I+R4 34538.197    128 69332.394    69355.601    70016.848
249  Q.MAMMAL+F+R4 34606.401    146 69504.802    69535.353    70285.507
258  Q.MAMMAL+F+I+R4 34600.694    147 69495.388    69526.379    70281.441
271  Q.INSECT+R4   33900.793    127 68055.585    68078.417    68734.692
280  Q.INSECT+I+R4 33898.362    128 68052.725    68075.932    68737.179
293  Q.INSECT+F+R4 33912.165    146 68116.331    68146.881    68897.036
302  Q.INSECT+F+I+R4 33910.051    147 68114.102    68145.094    68900.155
315  Q.PLANT+R4    34124.528    127 68503.056    68525.888    69182.164
324  Q.PLANT+I+R4  34119.424    128 68494.849    68518.056    69179.303
337  Q.PLANT+F+R4  34138.037    146 68568.074    68598.625    69348.779
346  Q.PLANT+F+I+R4 34133.538    147 68561.077    68592.068    69347.130
359  Q.YEAST+R4    33956.345    127 68166.690    68189.521    68845.797
368  Q.YEAST+I+R4  33953.400    128 68162.800    68186.007    68847.254
381  Q.YEAST+F+R4  33883.268    146 68058.537    68089.088    68839.243
390  Q.YEAST+F+I+R4 33880.733    147 68055.466    68086.458    68841.519
403  JTTDCMUT+R4   34182.127    127 68618.254    68641.085    69297.361
412  JTTDCMUT+I+R4 34181.026    128 68618.052    68641.260    69302.507
425  JTTDCMUT+F+R4 34215.435    146 68722.869    68753.420    69503.575
434  JTTDCMUT+F+I+R4 34214.310    147 68722.619    68753.611    69508.672
447  DCMUT+R4      34424.992    127 69103.984    69126.816    69783.092
456  DCMUT+I+R4    34424.634    128 69105.268    69128.475    69789.722
469  DCMUT+F+R4    34357.627    146 69007.253    69037.804    69787.959
478  DCMUT+F+I+R4  34357.229    147 69008.457    69039.449    69794.510
491  VT+R4         34361.509    127 68977.019    68999.850    69656.126
500  VT+I+R4       34360.862    128 68977.724    69000.932    69662.179
513  VT+F+R4       34386.062    146 69064.124    69094.675    69844.829
522  VT+F+I+R4     34385.346    147 69064.691    69095.683    69850.744
535  PMB+R4        34689.017    127 69632.035    69654.866    70311.142
544  PMB+I+R4      34688.223    128 69632.447    69655.654    70316.901
557  PMB+F+R4      34704.626    146 69701.252    69731.802    70481.957
566  PMB+F+I+R4    34703.682    147 69701.363    69732.355    70487.416
579  BLOSUM62+R4   34650.528    127 69555.057    69577.888    70234.164
588  BLOSUM62+I+R4 34649.796    128 69555.592    69578.799    70240.046
601  BLOSUM62+F+R4 34655.349    146 69602.697    69633.248    70383.403
610  BLOSUM62+F+I+R4 34654.265    147 69602.531    69633.522    70388.584
623  DAYHOFF+R4    34420.125    127 69094.251    69117.082    69773.358
632  DAYHOFF+I+R4  34419.937    128 69095.875    69119.082    69780.329
645  DAYHOFF+F+R4  34353.232    146 68998.465    69029.016    69779.171
654  DAYHOFF+F+I+R4 34353.004    147 69000.008    69030.999    69786.061
667  MTREV+R4      35963.650    127 72181.300    72204.131    72860.407
676  MTREV+I+R4    35955.123    128 72166.247    72189.454    72850.701
689  MTREV+F+R4    34610.147    146 69512.295    69542.846    70293.001
698  MTREV+F+I+R4  34606.437    147 69506.874    69537.866    70292.927
711  MTART+R4      36026.502    127 72307.003    72329.835    72986.110
720  MTART+I+R4    36001.213    128 72258.427    72281.634    72942.881
733  MTART+F+R4    34675.900    146 69643.799    69674.350    70424.505
742  MTART+F+I+R4  34664.005    147 69622.010    69653.001    70408.063
755  MTZOA+R4      35248.679    127 70751.358    70774.189    71430.465
764  MTZOA+I+R4    35230.624    128 70717.248    70740.455    71401.702
777  MTZOA+F+R4    34286.395    146 68864.791    68895.342    69645.497
786  MTZOA+F+I+R4  34279.070    147 68852.139    68883.131    69638.193
799  MTMET+R4      35876.744    127 72007.488    72030.319    72686.595
808  MTMET+I+R4    35864.459    128 71984.917    72008.125    72669.372
821  MTMET+F+R4    34593.762    146 69479.523    69510.074    70260.229
830  MTMET+F+I+R4  34586.627    147 69467.255    69498.246    70253.308
843  MTVER+R4      36328.330    127 72910.659    72933.491    73589.767
852  MTVER+I+R4    36313.397    128 72882.794    72906.001    73567.248
865  MTVER+F+R4    35121.241    146 70534.482    70565.033    71315.188
874  MTVER+F+I+R4  35115.198    147 70524.397    70555.388    71310.450
887  MTINV+R4      36024.619    127 72303.237    72326.069    72982.344
896  MTINV+I+R4    36014.736    128 72285.472    72308.679    72969.926
909  MTINV+F+R4    34384.152    146 69060.304    69090.855    69841.009
918  MTINV+F+I+R4  34380.049    147 69054.097    69085.089    69840.150
931  MTMAM+R4      36650.282    127 73554.563    73577.394    74233.670
940  MTMAM+I+R4    36621.790    128 73499.580    73522.787    74184.034
953  MTMAM+F+R4    35251.342    146 70794.684    70825.235    71575.390
962  MTMAM+F+I+R4  35233.843    147 70761.686    70792.677    71547.739
975  FLAVI+R4      35286.928    127 70827.855    70850.687    71506.962
984  FLAVI+I+R4    35272.924    128 70801.848    70825.055    71486.302
997  FLAVI+F+R4    35215.849    146 70723.697    70754.248    71504.403
1006  FLAVI+F+I+R4  35204.686    147 70703.373    70734.364    71489.426
1019  HIVB+R4       34930.680    127 70115.360    70138.192    70794.467
1028  HIVB+I+R4     34922.625    128 70101.251    70124.458    70785.705
1041  HIVB+F+R4     34826.624    146 69945.248    69975.799    70725.954
1050  HIVB+F+I+R4   34818.670    147 69931.340    69962.331    70717.393
1063  HIVW+R4       36390.550    127 73035.101    73057.932    73714.208
1072  HIVW+I+R4     36384.185    128 73024.371    73047.578    73708.825
1085  HIVW+F+R4     36020.913    146 72333.826    72364.377    73114.532
1094  HIVW+F+I+R4   36013.197    147 72320.394    72351.386    73106.448
1107  FLU+R4        34642.330    127 69538.660    69561.492    70217.767
1116  FLU+I+R4      34636.812    128 69529.623    69552.831    70214.078
1129  FLU+F+R4      34604.121    146 69500.242    69530.793    70280.948
1138  FLU+F+I+R4    34596.686    147 69487.371    69518.363    70273.424
1151  RTREV+R4      34193.083    127 68640.166    68662.997    69319.273
1160  RTREV+I+R4    34188.929    128 68633.859    68657.066    69318.313
1173  RTREV+F+R4    34005.370    146 68302.740    68333.291    69083.446
1182  RTREV+F+I+R4  34001.138    147 68296.276    68327.268    69082.329
1195  CPREV+R4      34455.002    127 69164.004    69186.835    69843.111
1204  CPREV+I+R4    34453.704    128 69163.408    69186.615    69847.862
1217  CPREV+F+R4    34392.294    146 69076.588    69107.139    69857.294
1226  CPREV+F+I+R4  34390.865    147 69075.730    69106.722    69861.783
Akaike Information Criterion:           LG+F+I+R4
Corrected Akaike Information Criterion: Q.INSECT+I+R4
Bayesian Information Criterion:         Q.INSECT+R4
Best-fit model: Q.INSECT+R4 chosen according to BIC

All model information printed to ../4_mask/Mask.fst.model.gz
CPU time for ModelFinder: 629.790 seconds (0h:10m:29s)
Wall-clock time for ModelFinder: 631.630 seconds (0h:10m:31s)
Generating 1000 samples for ultrafast bootstrap (seed: 97712)...

NOTE: 49 MB RAM (0 GB) is required!
Estimate model parameters (epsilon = 0.100)
1. Initial log-likelihood: -33906.390
2. Current log-likelihood: -33900.364
3. Current log-likelihood: -33900.225
Optimal log-likelihood: -33900.198
Site proportion and rates:  (0.340,0.073) (0.406,0.712) (0.201,2.011) (0.052,5.400)
Parameters optimization took 3 rounds (4.023 sec)
Wrote distance file to... 
Computing ML distances based on estimated model parameters...
Calculating distance matrix: done in 0.234351 secs using 99.99% CPU
Computing ML distances took 0.234529 sec (of wall-clock time) 0.234514 sec (of CPU time)
Setting up auxiliary I and S matrices: done in 0.000156465 secs using 102.3% CPU
Constructing RapidNJ tree: done in 0.000217687 secs using 99.23% CPU
Computing RapidNJ tree took 0.000502 sec (of wall-clock time) 0.000495 sec (of CPU time)
Log-likelihood of RapidNJ tree: -33934.148
--------------------------------------------------------------------
|             INITIALIZING CANDIDATE TREE SET                      |
--------------------------------------------------------------------
Generating 98 parsimony trees... 1.872 second
Computing log-likelihood of 98 initial trees ... 14.952 seconds
Current best score: -33900.198

Do NNI search on 20 best initial trees
Estimate model parameters (epsilon = 0.100)
BETTER TREE FOUND at iteration 1: -33897.625
Estimate model parameters (epsilon = 0.100)
UPDATE BEST LOG-LIKELIHOOD: -33896.799
Iteration 10 / LogL: -33897.030 / Time: 0h:11m:10s
Iteration 20 / LogL: -33897.028 / Time: 0h:11m:26s
Finish initializing candidate tree set (3)
Current best tree score: -33896.799 / CPU time: 50.290
Number of iterations: 20
--------------------------------------------------------------------
|               OPTIMIZING CANDIDATE TREE SET                      |
--------------------------------------------------------------------
Estimate model parameters (epsilon = 0.100)
BETTER TREE FOUND at iteration 24: -33896.052
Iteration 30 / LogL: -33919.540 / Time: 0h:12m:2s (0h:4m:53s left)
Iteration 40 / LogL: -33896.377 / Time: 0h:12m:35s (0h:4m:27s left)
Iteration 50 / LogL: -33900.172 / Time: 0h:13m:10s (0h:4m:0s left)
Log-likelihood cutoff on original alignment: -33950.631
Iteration 60 / LogL: -33896.176 / Time: 0h:13m:40s (0h:3m:24s left)
Iteration 70 / LogL: -33899.424 / Time: 0h:14m:15s (0h:2m:54s left)
Iteration 80 / LogL: -33896.243 / Time: 0h:14m:47s (0h:2m:22s left)
Iteration 90 / LogL: -33898.013 / Time: 0h:15m:16s (0h:1m:48s left)
Iteration 100 / LogL: -33899.303 / Time: 0h:15m:48s (0h:1m:16s left)
Log-likelihood cutoff on original alignment: -33950.631
NOTE: Bootstrap correlation coefficient of split occurrence frequencies: 0.998
Iteration 110 / LogL: -33898.034 / Time: 0h:16m:20s (0h:4m:48s left)
Iteration 120 / LogL: -33896.220 / Time: 0h:16m:53s (0h:4m:16s left)
TREE SEARCH COMPLETED AFTER 125 ITERATIONS / Time: 0h:17m:10s

--------------------------------------------------------------------
|                    FINALIZING TREE SEARCH                        |
--------------------------------------------------------------------
Performs final model parameters optimization
Estimate model parameters (epsilon = 0.010)
1. Initial log-likelihood: -33896.052
Optimal log-likelihood: -33896.047
Site proportion and rates:  (0.340,0.072) (0.404,0.708) (0.205,1.993) (0.052,5.386)
Parameters optimization took 1 rounds (0.812 sec)
BEST SCORE FOUND : -33896.047

Testing tree branches by SH-like aLRT with 1000 replicates...
1.885 sec.
Creating bootstrap support values...
Split supports printed to NEXUS file ../4_mask/Mask.fst.splits.nex
Total tree length: 5.569

Total number of iterations: 125
CPU time used for tree search: 393.014 sec (0h:6m:33s)
Wall-clock time used for tree search: 393.372 sec (0h:6m:33s)
Total CPU time used: 1030.674 sec (0h:17m:10s)
Total wall-clock time used: 1032.879 sec (0h:17m:12s)

Computing bootstrap consensus tree...
Reading input file ../4_mask/Mask.fst.splits.nex...
62 taxa and 202 splits.
Consensus tree written to ../4_mask/Mask.fst.contree
Reading input trees file ../4_mask/Mask.fst.contree
Log-likelihood of consensus tree: -33896.077

Analysis results written to: 
  IQ-TREE report:                ../4_mask/Mask.fst.iqtree
  Maximum-likelihood tree:       ../4_mask/Mask.fst.treefile
  Likelihood distances:          ../4_mask/Mask.fst.mldist

Ultrafast bootstrap approximation results written to:
  Split support values:          ../4_mask/Mask.fst.splits.nex
  Consensus tree:                ../4_mask/Mask.fst.contree
  Screen log file:               ../4_mask/Mask.fst.log

Date and Time: Mon Apr  6 17:39:39 2026
